<?xml version="1.0" encoding="UTF-8"?>
<!-- Generated by org.testng.reporters.JUnitReportReporter -->
<testsuite skipped="0" hostname="DESKTOP-F0TJ1I4" name="assignment.NewTest" tests="1" failures="0" timestamp="28 Mar 2019 19:57:53 GMT" time="1.545" errors="0">
  <testcase name="firmex_runner" time="1.545" classname="assignment.NewTest"/>
</testsuite> <!-- assignment.NewTest -->
